<?xml version="1.0" encoding="UTF-8"?>
<testng-results skipped="0" failed="0" ignored="0" total="1" passed="1">
  <reporter-output>
  </reporter-output>
  <suite name="Suite1" duration-ms="13738" started-at="2020-12-11T07:24:37Z" finished-at="2020-12-11T07:24:50Z">
    <groups>
      <group name="cucumber">
        <method signature="AbstractTestNGCucumberTests.feature(cucumber.api.testng.CucumberFeatureWrapper)[pri:0, instance:amazon.us.myrunner.MyRunner@385e9564]" name="feature" class="cucumber.api.testng.AbstractTestNGCucumberTests"/>
      </group> <!-- cucumber -->
    </groups>
    <test name="Nopackage" duration-ms="13738" started-at="2020-12-11T07:24:37Z" finished-at="2020-12-11T07:24:50Z">
      <class name="amazon.us.myrunner.MyRunner">
        <test-method status="PASS" signature="setUpClass()[pri:0, instance:amazon.us.myrunner.MyRunner@385e9564]" name="setUpClass" is-config="true" duration-ms="192" started-at="2020-12-11T07:24:37Z" finished-at="2020-12-11T07:24:37Z">
          <reporter-output>
          </reporter-output>
        </test-method> <!-- setUpClass -->
        <test-method status="PASS" signature="feature(cucumber.api.testng.CucumberFeatureWrapper)[pri:0, instance:amazon.us.myrunner.MyRunner@385e9564]" name="feature" duration-ms="13453" started-at="2020-12-11T07:24:37Z" description="Runs Cucumber Feature" data-provider="features" finished-at="2020-12-11T07:24:50Z">
          <params>
            <param index="0">
              <value>
                <![CDATA[Users can purchase, sell & return from the online Amazon website]]>
              </value>
            </param>
          </params>
          <reporter-output>
          </reporter-output>
        </test-method> <!-- feature -->
        <test-method status="PASS" signature="tearDownClass()[pri:0, instance:amazon.us.myrunner.MyRunner@385e9564]" name="tearDownClass" is-config="true" duration-ms="10" started-at="2020-12-11T07:24:50Z" finished-at="2020-12-11T07:24:50Z">
          <reporter-output>
          </reporter-output>
        </test-method> <!-- tearDownClass -->
      </class> <!-- amazon.us.myrunner.MyRunner -->
    </test> <!-- Nopackage -->
  </suite> <!-- Suite1 -->
</testng-results>
